ж«Ќѕ
«Ћд«д
«Ћднд
Ћб«Ћ…
Ћб«Ћ
«—»Џ…
«—»Џ
ќг”…
ќг”
” …
” 
”»Џ…
”»Џ
Ћг«дн…
Ћг«дн
 ”Џ…
 ”Џ
Џ‘—…
Џ‘—
«Ќѕ Џ‘—
«Ћд« Џ‘—
«Ћд « Џ‘—
Џ‘—жд
Џ‘—нд
Ћб«Ћжд
Ћб«Ћнд
«—»Џжд
«—нЏнд
ќг”жд
ќг”нд
” жд
” нд
”»Џжд
”»Џнд
Ћг«джд
Ћг«днд
 ”Џжд
 ”Џнд 
г∆…
г«∆…
г«∆ «д
г«∆ н
«бЁ
«бЁ«д
«бЁ«
«бЁнд
«бЁн
«б«Ё
гбнжд
гбнжд«д
гбнжд«
гбнжднд
гбнждн
»бнжд
 —бнжд
«б«жб
«бЋ«дн
«бЋ«бЋ
«б—«»Џ
«бќ«г”
«б”«ѕ”
«б”«»Џ
«бЋ«гд
«б «”Џ
«бЏ«‘—
«бЌ«ѕн Џ‘—
«бЋ«дн Џ‘—
«бЋ«бЋ Џ‘—
«бќ«г” Џ‘—
«б”«ѕ” Џ‘—
«б”«»Џ Џ‘—
«б «”Џ Џ‘—
«бЏ‘—жд
«бЏ‘—нд
ж«бЏ‘—жд
ж«бЏ‘—нд
«бЋб«Ћжд
«бЋб«Ћнд
ж«бЋб«Ћжд
ж«бЋб«Ћнд
ж«б«—»Џжд
ж«б«—»Џнд
«б«—»Џжд
«б«—»Џнд
ж«бќг”жд
ж«бќг”нд
«бќг”жд
«бќг”нд
ж«б” жд
ж«б” нд
«б” жд
«б” нд
ж«б”»Џжд
ж«б”»Џнд
«б”»Џжд
«б”»Џнд
ж«бЋг«джд
ж«бЋг«днд
«бЋг«джд
«бЋг«днд
ж«б ”Џжд
ж«б ”Џнд
«б ”Џжд
«б ”Џнд
«бг«∆…
«бг∆…



